New Image Deployed gcr.io/kbbot-217410/channelmsgbroker:9644d220a08b2a0cac1f8ab84f10e2af9cf8773b on mqa namespace container=channelmsgbroker on 2020-01-23
New Image Deployed gcr.io/kbbot-217410/botsmsmodule:15f72aa35c7c1930e49446543db7c6423c4e4e5b on mqa namespace container=botsmsmodule on 2020-01-23
New Image id us.gcr.io/kbbot-217410/integration:324 on qa namespace from dev container=qa-integration on 24-01-2020:16:47:14 instead of us.gcr.io/kbbot-217410/integration:302
New Image id gcr.io/kbbot-217410/bot-admin-ui:2965 on qa namespace from dev container=qa-ui on 24-01-2020:16:51:23 instead of gcr.io/kbbot-217410/bot-admin-ui:2552
New Image id gcr.io/kbbot-217410/botadmin:1391 on qa namespace from dev container=qa-botadminapi on 24-01-2020:16:54:11 instead of gcr.io/kbbot-217410/botadmin:1175
New Image id us.gcr.io/kbbot-217410/integration:328 on qa namespace from dev container=qa-integration on 27-01-2020:18:24:38 instead of us.gcr.io/kbbot-217410/integration:324
New Image id gcr.io/kbbot-217410/middleware:413 on qa namespace from dev container=mdw-1 on 28-01-2020:14:55:55 instead of gcr.io/kbbot-217410/middleware:409
New Image id gcr.io/kbbot-217410/middleware:414 on qa namespace from dev container=mdw-1 on 28-01-2020:16:57:43 instead of gcr.io/kbbot-217410/middleware:409
New Image id gcr.io/kbbot-217410/botadmin:96d663cd11330b9838bedd0cedb879204547e8cb on mqa namespace from stage container=botadminapi on 28-01-2020:18:45:18 instead of gcr.io/kbbot-217410/botadmin:96285d7722bfaf776fc82fa501008f9db118d601
New Image id gcr.io/kbbot-217410/botadmin:1415 on qa namespace from dev container=qa-botadminapi on 29-01-2020:15:36:10 instead of gcr.io/kbbot-217410/botadmin:1415
New Image id gcr.io/kbbot-217410/nlu_admin_panel:468 on qa namespace from dev container=qa-adminpanel on 29-01-2020:16:18:59 instead of gcr.io/kbbot-217410/nlu_admin_panel:464
New Image id gcr.io/kbbot-217410/middleware:426 on qa namespace from dev container=mdw-1 on 29-01-2020:18:30:35 instead of gcr.io/kbbot-217410/middleware:414
New Image id gcr.io/kbbot-217410/middleware:426 on qa namespace from dev container=mdw-2 on 29-01-2020:18:32:18 instead of gcr.io/kbbot-217410/middleware:414
New Image id gcr.io/kbbot-217410/middleware:426 on qa namespace from dev container=mdw-3 on 29-01-2020:18:32:40 instead of gcr.io/kbbot-217410/middleware:414
New Image id gcr.io/kbbot-217410/middleware:426 on qa namespace from dev container=mdw-4 on 29-01-2020:18:33:43 instead of gcr.io/kbbot-217410/middleware:414
New Image id gcr.io/kbbot-217410/middleware:426 on qa namespace from dev container=mdw-9-uber on 29-01-2020:18:34:18 instead of gcr.io/kbbot-217410/middleware:414
New Image id gcr.io/kbbot-217410/multi-mdw:5fcceea9fa228efba086fda700863a364cf4de44 on mqa namespace from stage container=mdw-1 on 29-01-2020:18:37:10 instead of gcr.io/kbbot-217410/multi-mdw:308ce29478f2128344c32b401f2e763cfc627075
New Image id gcr.io/kbbot-217410/multi-mdw:5fcceea9fa228efba086fda700863a364cf4de44 on mqa namespace from stage container=mdw-2 on 29-01-2020:18:38:20 instead of gcr.io/kbbot-217410/multi-mdw:308ce29478f2128344c32b401f2e763cfc627075
New Image id gcr.io/kbbot-217410/multi-mdw:5fcceea9fa228efba086fda700863a364cf4de44 on mqa namespace from stage container=mdw-3 on 29-01-2020:18:39:31 instead of gcr.io/kbbot-217410/multi-mdw:308ce29478f2128344c32b401f2e763cfc627075
New Image id gcr.io/kbbot-217410/multi-mdw:5fcceea9fa228efba086fda700863a364cf4de44 on mqa namespace from stage container=mdw-4 on 29-01-2020:18:39:52 instead of gcr.io/kbbot-217410/multi-mdw:308ce29478f2128344c32b401f2e763cfc627075
New Image id gcr.io/kbbot-217410/multi-mdw:5fcceea9fa228efba086fda700863a364cf4de44 on mqa namespace from stage container=mdw-5 on 29-01-2020:18:40:21 instead of gcr.io/kbbot-217410/multi-mdw:308ce29478f2128344c32b401f2e763cfc627075
New Image id us.gcr.io/kbbot-217410/integration:338 on qa namespace from dev container=qa-integration on 30-01-2020:15:23:27 instead of us.gcr.io/kbbot-217410/integration:338
New Image id gcr.io/kbbot-217410/bot-admin-ui:3092 on qa namespace from dev container=qa-ui on 04-02-2020:12:59:07 instead of gcr.io/kbbot-217410/bot-admin-ui:3008
New Image id gcr.io/kbbot-217410/chatbot-widget:64fe5baf25b70f6ea1bcdc759fd963f559d633fe on qa namespace from dev container=qa-widget on 04-02-2020:13:02:04 instead of gcr.io/kbbot-217410/chatbot-widget:c60cfdb930b40f05705f13c86bfd60e45210782a
New Image id us.gcr.io/kbbot-217410/integration:355 on qa namespace from dev container=qa-integration on 04-02-2020:13:02:48 instead of us.gcr.io/kbbot-217410/integration:338
New Image id gcr.io/kbbot-217410/nlu_admin_panel:474 on qa namespace from dev container=qa-adminpanel on 04-02-2020:13:03:30 instead of gcr.io/kbbot-217410/nlu_admin_panel:468
New Image id gcr.io/kbbot-217410/github.com/xavient/nlu-cache:58530383e913900dcd805990b2f1812235ebe4a7,gcr.io/kbbot-217410/nlu_user_panel:930 on qa namespace from dev container=qa-userpanel on 04-02-2020:13:04:35 instead of gcr.io/kbbot-217410/github.com/xavient/nlu-cache:58530383e913900dcd805990b2f1812235ebe4a7,gcr.io/kbbot-217410/nlu_user_panel:927
New Image id gcr.io/kbbot-217410/botadmin:1445 on qa namespace from dev container=qa-botadminapi on 04-02-2020:13:05:15 instead of gcr.io/kbbot-217410/botadmin:1415
New Image id gcr.io/kbbot-217410/nlu_admin_panel:474 on release namespace from qa container=release-admin-panel on 05-02-2020:12:25:36 instead of gcr.io/kbbot-217410/nlu_admin_panel:410
New Image id gcr.io/kbbot-217410/botadmin:1445 on release namespace from qa container=release-bot-admin-api on 05-02-2020:12:27:21 instead of gcr.io/kbbot-217410/botadmin:1110
New Image id gcr.io/kbbot-217410/bottrainer:369 on release namespace from qa container=release-bot-trainer on 05-02-2020:12:27:51 instead of gcr.io/kbbot-217410/bottrainer:362
New Image id gcr.io/kbbot-217410/bulkdbinsert:38 on release namespace from qa container=release-bulkinsert on 05-02-2020:12:28:28 instead of gcr.io/kbbot-217410/bulkdbinsert:32
New Image id us.gcr.io/kbbot-217410/ejabberd:tiia4 haproxytech/haproxy-debian on release namespace from qa container=release-ejabberd on 05-02-2020:12:29:36 instead of us.gcr.io/kbbot-217410/ejabberd:tiiapp4
New Image id gcr.io/kbbot-217410/middleware:433 on release namespace from qa container=release-mdw-14 on 05-02-2020:12:32:27 instead of gcr.io/kbbot-217410/middleware:433
New Image id gcr.io/kbbot-217410/middleware:433 on release namespace from qa container=release-mdw-3 on 05-02-2020:12:33:24 instead of gcr.io/kbbot-217410/middleware:354
New Image id gcr.io/kbbot-217410/middleware:433 on release namespace from qa container=release-mdw-4 on 05-02-2020:12:33:54 instead of gcr.io/kbbot-217410/middleware:354
New Image id gcr.io/kbbot-217410/middleware:433 on release namespace from qa container=release-mdw-4 on 05-02-2020:12:34:10 instead of gcr.io/kbbot-217410/middleware:433
New Image id gcr.io/kbbot-217410/middleware:433 on release namespace from qa container=release-mdw-5 on 05-02-2020:12:34:31 instead of gcr.io/kbbot-217410/middleware:354
New Image id gcr.io/kbbot-217410/middleware:433 on release namespace from qa container=release-mdw-6 on 05-02-2020:12:35:07 instead of gcr.io/kbbot-217410/middleware:354
New Image id gcr.io/kbbot-217410/middleware:433 on release namespace from qa container=release-mdw-7 on 05-02-2020:12:35:28 instead of gcr.io/kbbot-217410/middleware:354
New Image id gcr.io/kbbot-217410/middleware:433 on release namespace from qa container=release-mdw-helpdesk on 05-02-2020:12:35:45 instead of gcr.io/kbbot-217410/middleware:354
New Image id gcr.io/kbbot-217410/middleware:433 on release namespace from qa container=release-mdw-mobility on 05-02-2020:12:36:03 instead of gcr.io/kbbot-217410/middleware:354
New Image id us.gcr.io/kbbot-217410/integration:355 on release namespace from qa container=release-integration on 05-02-2020:12:36:49 instead of us.gcr.io/kbbot-217410/integration:302
New Image id us.gcr.io/kbbot-217410/rabbitmq:v1.1 on release namespace from qa container=rabbitmq-release on 05-02-2020:12:37:18 instead of rabbitmq
New Image id gcr.io/kbbot-217410/bot-admin-ui:3092 on release namespace from qa container=release-adminui on 05-02-2020:12:37:56 instead of gcr.io/kbbot-217410/bot-admin-ui:2229
New Image id gcr.io/kbbot-217410/github.com/xavient/nlu-cache:58530383e913900dcd805990b2f1812235ebe4a7,gcr.io/kbbot-217410/nlu_user_panel:927 on release namespace from qa container=release-userpanel on 05-02-2020:12:38:43 instead of gcr.io/kbbot-217410/github.com/xavient/nlu-cache:58530383e913900dcd805990b2f1812235ebe4a7,gcr.io/kbbot-217410/nlu_user_panel:857
New Image id gcr.io/kbbot-217410/botadmin:1454 on qa namespace from dev container=qa-botadminapi on 05-02-2020:18:25:22 instead of gcr.io/kbbot-217410/botadmin:1454
New Image id gcr.io/kbbot-217410/bot-admin-ui:3131 on qa namespace from dev container=qa-ui on 05-02-2020:18:27:45 instead of gcr.io/kbbot-217410/bot-admin-ui:3092
New Image id gcr.io/kbbot-217410/nlu_admin_panel:478 on qa namespace from dev container=qa-adminpanel on 06-02-2020:16:32:13 instead of gcr.io/kbbot-217410/nlu_admin_panel:474
New Image id us.gcr.io/kbbot-217410/integration:377 on qa namespace from dev container=qa-integration on 07-02-2020:10:49:35 instead of us.gcr.io/kbbot-217410/integration:355
New Image id gcr.io/kbbot-217410/bot-admin-ui:649b26aeac3472f4482603267982c25f1b5f1312 on mqa namespace from stage container=admin-ui on 17-02-2020:18:38:01 instead of gcr.io/kbbot-217410/bot-admin-ui:8f750ce4345d2317b6891b8d10ca98c621235531
New Image id gcr.io/kbbot-217410/bot-admin-ui:9a3effaf100f60c9b761fb6aa1ad9ffdd499d0b3 on mqa namespace from stage container=admin-ui on 16-03-2020:14:01:28 instead of gcr.io/kbbot-217410/bot-admin-ui:01b90054fda32f44918d72e47650c58dff974fa5
New Image id gcr.io/kbbot-217410/botadmin:c47e5eb631faf15341dcb5df8c534191d2d8bf98 on mqa namespace from stage container=botadminapi on 16-03-2020:14:03:30 instead of gcr.io/kbbot-217410/botadmin:c83da4d2d187f8508f7a104868cf3cf7a0e48947
New Image id gcr.io/kbbot-217410/nlu_admin_panel:a975b2121c81cdb2006a13e513137d3de27cec0f on mqa namespace from stage container=adminpanel on 16-03-2020:14:06:41 instead of gcr.io/kbbot-217410/nlu_admin_panel:2ac548b8ae97b13a10ff92ca6ea18df22a691b37
New Image id gcr.io/kbbot-217410/multi-mdw:b1cf1038204907bcf8dc9ee765d2f969163f2d7e on mqa namespace from stage container=mdw-1 on 16-03-2020:15:19:10 instead of gcr.io/kbbot-217410/multi-mdw:01d1a310fa091160ecca4811857e8e9acb56281c
New Image id gcr.io/kbbot-217410/multi-mdw:b1cf1038204907bcf8dc9ee765d2f969163f2d7e on mqa namespace from stage container=mdw-2 on 16-03-2020:15:20:14 instead of gcr.io/kbbot-217410/multi-mdw:01d1a310fa091160ecca4811857e8e9acb56281c
New Image id gcr.io/kbbot-217410/multi-mdw:b1cf1038204907bcf8dc9ee765d2f969163f2d7e on mqa namespace from stage container=mdw-3 on 16-03-2020:15:20:44 instead of gcr.io/kbbot-217410/multi-mdw:01d1a310fa091160ecca4811857e8e9acb56281c
New Image id gcr.io/kbbot-217410/multi-mdw:b1cf1038204907bcf8dc9ee765d2f969163f2d7e on mqa namespace from stage container=mdw-4 on 16-03-2020:15:21:03 instead of gcr.io/kbbot-217410/multi-mdw:01d1a310fa091160ecca4811857e8e9acb56281c
New Image id gcr.io/kbbot-217410/multi-mdw:cfd372844075af7422d5a24aa30674f255f21cca on mqa namespace from stage container=mdw-5 on 16-03-2020:15:21:19 instead of gcr.io/kbbot-217410/multi-mdw:01d1a310fa091160ecca4811857e8e9acb56281c
New Image id gcr.io/kbbot-217410/multi-mdw:cfd372844075af7422d5a24aa30674f255f21cca on mqa namespace from stage container=mdw-5 on 16-03-2020:15:22:17 instead of gcr.io/kbbot-217410/multi-mdw:cfd372844075af7422d5a24aa30674f255f21cca
New Image id gcr.io/kbbot-217410/bot-admin-ui:4540 on qa namespace from dev container=qa-ui on 10-04-2020:15:52:53 instead of gcr.io/kbbot-217410/bot-admin-ui:4338
New Image id gcr.io/kbbot-217410/stage-mdw-1:12c3c629a9e8772e1ce433f9a85d641f540e6062 gcr.io/kbbot-217410/stage-mdw-1:12c3c629a9e8772e1ce433f9a85d641f540e6062 gcr.io/kbbot-217410/stage-mdw-1:12c3c629a9e8772e1ce433f9a85d641f540e6062 gcr.io/kbbot-217410/stage-mdw-1:12c3c629a9e8772e1ce433f9a85d641f540e6062 gcr.io/kbbot-217410/stage-mdw-1:12c3c629a9e8772e1ce433f9a85d641f540e6062 gcr.io/kbbot-217410/stage-mdw-1:12c3c629a9e8772e1ce433f9a85d641f540e6062 gcr.io/kbbot-217410/stage-mdw-1:12c3c629a9e8772e1ce433f9a85d641f540e6062 gcr.io/kbbot-217410/stage-mdw-1:12c3c629a9e8772e1ce433f9a85d641f540e6062 gcr.io/kbbot-217410/stage-mdw-1:12c3c629a9e8772e1ce433f9a85d641f540e6062 gcr.io/kbbot-217410/stage-mdw-1:12c3c629a9e8772e1ce433f9a85d641f540e6062 gcr.io/kbbot-217410/stage-mdw-1:12c3c629a9e8772e1ce433f9a85d641f540e6062 gcr.io/kbbot-217410/stage-mdw-1:12c3c629a9e8772e1ce433f9a85d641f540e6062 gcr.io/kbbot-217410/stage-mdw-1:12c3c629a9e8772e1ce433f9a85d641f540e6062 gcr.io/kbbot-217410/stage-mdw-1:12c3c629a9e8772e1ce433f9a85d641f540e6062 gcr.io/kbbot-217410/stage-mdw-1:12c3c629a9e8772e1ce433f9a85d641f540e6062 gcr.io/kbbot-217410/stage-mdw-1:12c3c629a9e8772e1ce433f9a85d641f540e6062 gcr.io/kbbot-217410/stage-mdw-1:12c3c629a9e8772e1ce433f9a85d641f540e6062 gcr.io/kbbot-217410/stage-mdw-1:12c3c629a9e8772e1ce433f9a85d641f540e6062 on mqa namespace from stage container=mdw-mqa on 12-08-2020:14:21:45 instead of gcr.io/kbbot-217410/stage-mdw-1:9caeaaea3bbd9926a99d67d20c24037d708068a6
